Build started 3/30/2015 3:29:51 AM.
     1>Project "E:\GitHub\Text-Encounter\Text-Based-Encounter\Text-Encounter\Text-Encounter.vcxproj" on node 2 (Build target(s)).
     1>ClCompile:
         E:\Program Files (x86)\Microsoft Visual Studio 12.0\VC\bin\CL.exe /c /I"C:\Program Files (x86)\Windows Kits\8.0\Lib\win8\um\x86" /I"E:\Program Files (x86)\FMOD SoundSystem\FMOD Studio API Windows\api\lowlevel\inc" /ZI /nologo /W3 /WX- /sdl /Od /Oy- /D WIN32 /D _DEBUG /D _CONSOLE /D _LIB /D _UNICODE /D UNICODE /Gm /EHsc /RTC1 /MDd /GS /fp:precise /Zc:wchar_t /Zc:forScope /Fo"Debug\\" /Fd"Debug\vc120.pdb" /Gd /TP /analyze- /errorReport:prompt utility.cpp
         utility.cpp
     1>e:\github\text-encounter\text-based-encounter\text-encounter\utility.cpp(38): warning C4101: 'pt' : unreferenced local variable
     1>e:\github\text-encounter\text-based-encounter\text-encounter\utility.cpp(112): warning C4244: 'argument' : conversion from 'float' to 'DWORD', possible loss of data
     1>e:\github\text-encounter\text-based-encounter\text-encounter\utility.cpp(121): warning C4018: '<' : signed/unsigned mismatch
     1>e:\github\text-encounter\text-based-encounter\text-encounter\utility.cpp(124): warning C4305: 'argument' : truncation from 'double' to 'float'
       Link:
         E:\Program Files (x86)\Microsoft Visual Studio 12.0\VC\bin\link.exe /ERRORREPORT:PROMPT /OUT:"E:\GitHub\Text-Encounter\Text-Based-Encounter\Debug\Text-Encounter.exe" /INCREMENTAL /NOLOGO kernel32.lib user32.lib gdi32.lib winspool.lib comdlg32.lib advapi32.lib shell32.lib ole32.lib oleaut32.lib uuid.lib odbc32.lib odbccp32.lib /MANIFEST /MANIFESTUAC:"level='asInvoker' uiAccess='false'" /manifest:embed /DEBUG /PDB:"E:\GitHub\Text-Encounter\Text-Based-Encounter\Debug\Text-Encounter.pdb" /SUBSYSTEM:CONSOLE /TLBID:1 /DYNAMICBASE /NXCOMPAT /IMPLIB:"E:\GitHub\Text-Encounter\Text-Based-Encounter\Debug\Text-Encounter.lib" /MACHINE:X86 Debug\character.obj
         Debug\driver.obj
         Debug\main.obj
         Debug\math.obj
         Debug\mode.obj
         Debug\team.obj
         Debug\utility.obj
         Text-Encounter.vcxproj -> E:\GitHub\Text-Encounter\Text-Based-Encounter\Debug\Text-Encounter.exe
     1>Done Building Project "E:\GitHub\Text-Encounter\Text-Based-Encounter\Text-Encounter\Text-Encounter.vcxproj" (Build target(s)).

Build succeeded.

Time Elapsed 00:00:00.90
